09:11:24.330 [main] INFO  TestCases.TC_003_LoginDDT - **** Finished TC_003_LoginDDT *****
09:11:24.368 [main] INFO  TestCases.TC_003_LoginDDT - **** Starting TC_003_LoginDDT *****
09:11:35.647 [main] INFO  TestCases.TC_003_LoginDDT - **** Finished TC_003_LoginDDT *****
09:11:35.654 [main] INFO  TestCases.TC_003_LoginDDT - **** Starting TC_003_LoginDDT *****
21:17:15.127 [main] INFO  TestCases.TC_002_LoginTest - **** Starting TC_002_LoginTest  ****
21:17:15.128 [main] DEBUG TestCases.TC_002_LoginTest - capturing application debug logs....
21:17:15.198 [main] INFO  TestCases.TC_002_LoginTest - clicked on myaccount link on the home page..
21:17:15.721 [main] INFO  TestCases.TC_002_LoginTest - clicked on login link under myaccount..
21:17:15.723 [main] INFO  TestCases.TC_002_LoginTest - Entering valid email and password..
21:17:16.470 [main] INFO  TestCases.TC_002_LoginTest - clicked on ligin button..
21:17:16.504 [main] INFO  TestCases.TC_002_LoginTest - **** Finished TC_002_LoginTest  ****
22:49:03.653 [main] INFO  TestCases.TC_001_AccountRegistrationTest - **** starting TC_001_AccountRegistrationTest  *****
22:49:03.657 [main] DEBUG TestCases.TC_001_AccountRegistrationTest - application logs started......
22:49:03.736 [main] INFO  TestCases.TC_001_AccountRegistrationTest - Clicked on MyAccount link
22:49:04.473 [main] INFO  TestCases.TC_001_AccountRegistrationTest - Clicked on registration link
22:49:04.473 [main] INFO  TestCases.TC_001_AccountRegistrationTest - Entering customer details.. 
22:49:07.703 [main] INFO  TestCases.TC_001_AccountRegistrationTest - clicked on continue..
22:49:07.734 [main] INFO  TestCases.TC_001_AccountRegistrationTest - Validating expected message..
22:49:07.736 [main] DEBUG TestCases.TC_001_AccountRegistrationTest - application logs end.......
22:49:07.736 [main] INFO  TestCases.TC_001_AccountRegistrationTest - **** finished TC_001_AccountRegistrationTest  *****
22:49:10.706 [main] INFO  TestCases.TC_002_LoginTest - **** Starting TC_002_LoginTest  ****
22:49:10.707 [main] DEBUG TestCases.TC_002_LoginTest - capturing application debug logs....
22:49:10.763 [main] INFO  TestCases.TC_002_LoginTest - clicked on myaccount link on the home page..
22:49:11.408 [main] INFO  TestCases.TC_002_LoginTest - clicked on login link under myaccount..
22:49:11.411 [main] INFO  TestCases.TC_002_LoginTest - Entering valid email and password..
22:49:12.240 [main] INFO  TestCases.TC_002_LoginTest - clicked on ligin button..
22:49:12.267 [main] INFO  TestCases.TC_002_LoginTest - **** Finished TC_002_LoginTest  ****
22:52:19.756 [main] INFO  TestCases.TC_001_AccountRegistrationTest - **** starting TC_001_AccountRegistrationTest  *****
22:52:19.758 [main] DEBUG TestCases.TC_001_AccountRegistrationTest - application logs started......
22:52:19.833 [main] INFO  TestCases.TC_001_AccountRegistrationTest - Clicked on MyAccount link
22:52:20.452 [main] INFO  TestCases.TC_001_AccountRegistrationTest - Clicked on registration link
22:52:20.452 [main] INFO  TestCases.TC_001_AccountRegistrationTest - Entering customer details.. 
22:52:23.553 [main] INFO  TestCases.TC_001_AccountRegistrationTest - clicked on continue..
22:52:23.582 [main] INFO  TestCases.TC_001_AccountRegistrationTest - Validating expected message..
22:52:26.682 [main] INFO  TestCases.TC_002_LoginTest - **** Starting TC_002_LoginTest  ****
22:52:26.682 [main] DEBUG TestCases.TC_002_LoginTest - capturing application debug logs....
22:52:26.739 [main] INFO  TestCases.TC_002_LoginTest - clicked on myaccount link on the home page..
22:52:27.289 [main] INFO  TestCases.TC_002_LoginTest - clicked on login link under myaccount..
22:52:27.290 [main] INFO  TestCases.TC_002_LoginTest - Entering valid email and password..
22:52:28.057 [main] INFO  TestCases.TC_002_LoginTest - clicked on ligin button..
22:52:28.086 [main] INFO  TestCases.TC_002_LoginTest - **** Finished TC_002_LoginTest  ****
22:59:37.887 [main] INFO  TestCases.TC_001_AccountRegistrationTest - **** starting TC_001_AccountRegistrationTest  *****
22:59:37.892 [main] DEBUG TestCases.TC_001_AccountRegistrationTest - application logs started......
22:59:37.979 [main] INFO  TestCases.TC_001_AccountRegistrationTest - Clicked on MyAccount link
22:59:38.602 [main] INFO  TestCases.TC_001_AccountRegistrationTest - Clicked on registration link
22:59:38.602 [main] INFO  TestCases.TC_001_AccountRegistrationTest - Entering customer details.. 
22:59:41.781 [main] INFO  TestCases.TC_001_AccountRegistrationTest - clicked on continue..
22:59:41.813 [main] INFO  TestCases.TC_001_AccountRegistrationTest - Validating expected message..
22:59:41.814 [main] DEBUG TestCases.TC_001_AccountRegistrationTest - application logs end.......
22:59:41.814 [main] INFO  TestCases.TC_001_AccountRegistrationTest - **** finished TC_001_AccountRegistrationTest  *****
20:37:07.202 [main] INFO  TestCases.TC_001_AccountRegistrationTest - **** starting TC_001_AccountRegistrationTest  *****
