20:37:07.211 [main] DEBUG TestCases.TC_001_AccountRegistrationTest - application logs started......
20:37:07.332 [main] INFO  TestCases.TC_001_AccountRegistrationTest - Clicked on MyAccount link
20:37:08.246 [main] INFO  TestCases.TC_001_AccountRegistrationTest - Clicked on registration link
20:37:08.246 [main] INFO  TestCases.TC_001_AccountRegistrationTest - Entering customer details.. 
20:37:11.794 [main] INFO  TestCases.TC_001_AccountRegistrationTest - clicked on continue..
20:37:11.824 [main] INFO  TestCases.TC_001_AccountRegistrationTest - Validating expected message..
20:37:11.827 [main] DEBUG TestCases.TC_001_AccountRegistrationTest - application logs end.......
20:37:11.828 [main] INFO  TestCases.TC_001_AccountRegistrationTest - **** finished TC_001_AccountRegistrationTest  *****
20:37:15.128 [main] INFO  TestCases.TC_002_LoginTest - **** Starting TC_002_LoginTest  ****
20:37:15.128 [main] DEBUG TestCases.TC_002_LoginTest - capturing application debug logs....
20:37:15.195 [main] INFO  TestCases.TC_002_LoginTest - clicked on myaccount link on the home page..
20:37:15.834 [main] INFO  TestCases.TC_002_LoginTest - clicked on login link under myaccount..
20:37:15.839 [main] INFO  TestCases.TC_002_LoginTest - Entering valid email and password..
20:37:16.838 [main] INFO  TestCases.TC_002_LoginTest - clicked on ligin button..
20:37:16.874 [main] INFO  TestCases.TC_002_LoginTest - **** Finished TC_002_LoginTest  ****
22:46:55.443 [main] INFO  TestCases.TC_001_AccountRegistrationTest - **** starting TC_001_AccountRegistrationTest  *****
22:46:55.450 [main] DEBUG TestCases.TC_001_AccountRegistrationTest - application logs started......
22:46:55.547 [main] INFO  TestCases.TC_001_AccountRegistrationTest - Clicked on MyAccount link
22:46:56.347 [main] INFO  TestCases.TC_001_AccountRegistrationTest - Clicked on registration link
22:46:56.347 [main] INFO  TestCases.TC_001_AccountRegistrationTest - Entering customer details.. 
22:46:59.592 [main] INFO  TestCases.TC_001_AccountRegistrationTest - clicked on continue..
22:46:59.622 [main] INFO  TestCases.TC_001_AccountRegistrationTest - Validating expected message..
22:46:59.623 [main] DEBUG TestCases.TC_001_AccountRegistrationTest - application logs end.......
22:46:59.624 [main] INFO  TestCases.TC_001_AccountRegistrationTest - **** finished TC_001_AccountRegistrationTest  *****
22:47:02.407 [main] INFO  TestCases.TC_002_LoginTest - **** Starting TC_002_LoginTest  ****
22:47:02.407 [main] DEBUG TestCases.TC_002_LoginTest - capturing application debug logs....
22:47:02.463 [main] INFO  TestCases.TC_002_LoginTest - clicked on myaccount link on the home page..
22:47:03.026 [main] INFO  TestCases.TC_002_LoginTest - clicked on login link under myaccount..
22:47:03.028 [main] INFO  TestCases.TC_002_LoginTest - Entering valid email and password..
22:47:03.834 [main] INFO  TestCases.TC_002_LoginTest - clicked on ligin button..
22:47:03.864 [main] INFO  TestCases.TC_002_LoginTest - **** Finished TC_002_LoginTest  ****
